<?xml version="1.0" encoding="UTF-8"?>
<testsuite name="com.movemedical.hiring.PhotoOrganizerTest" tests="1" skipped="0" failures="0" errors="0" timestamp="2022-01-07T12:26:37" hostname="DESKTOP-H5GCEUL" time="0.023">
  <properties/>
  <testcase name="testOrganizeMyPhotos()" classname="com.movemedical.hiring.PhotoOrganizerTest" time="0.023"/>
  <system-out><![CDATA[]]></system-out>
  <system-err><![CDATA[]]></system-err>
</testsuite>
